<?xml version="1.0" encoding="UTF-8"?>
<testsuite name="Test1" tests="1" skipped="0" failures="0" errors="0" timestamp="2023-03-29T14:10:25" hostname="LAPTOP-K4T4BDIC" time="1.056">
  <properties/>
  <testcase name="test1()" classname="Test1" time="1.056"/>
  <system-out><![CDATA[]]></system-out>
  <system-err><![CDATA[]]></system-err>
</testsuite>
